0 info it worked if it ends with ok
1 verbose cli [ '/Users/nathan/.nvm/versions/node/v6.0.0/bin/node',
1 verbose cli   '/Users/nathan/.nvm/versions/node/v6.0.0/bin/npm',
1 verbose cli   'run',
1 verbose cli   'test' ]
2 info using npm@3.8.6
3 info using node@v6.0.0
4 verbose run-script [ 'pretest', 'test', 'posttest' ]
5 info lifecycle consul-backup-restore@1.1.3~pretest: consul-backup-restore@1.1.3
6 silly lifecycle consul-backup-restore@1.1.3~pretest: no script for pretest, continuing
7 info lifecycle consul-backup-restore@1.1.3~test: consul-backup-restore@1.1.3
8 verbose lifecycle consul-backup-restore@1.1.3~test: unsafe-perm in lifecycle true
9 verbose lifecycle consul-backup-restore@1.1.3~test: PATH: /Users/nathan/.nvm/versions/node/v6.0.0/lib/node_modules/npm/bin/node-gyp-bin:/Users/nathan/Coding/projects/localz/consul-backup-restore/node_modules/.bin:/Users/nathan/.nvm/versions/node/v6.0.0/bin:/Users/nathan/.rbenv/shims:/Users/nathan/.rbenv/bin:/Users/nathan/.nvm/versions/node/v6.0.0/bin:/bin:/sbin:/usr/bin:/usr/local/sbin:/usr/local/bin:/usr/local/bin:/usr/bin:/bin:/usr/sbin:/sbin:/usr/texbin
10 verbose lifecycle consul-backup-restore@1.1.3~test: CWD: /Users/nathan/Coding/projects/localz/consul-backup-restore
11 silly lifecycle consul-backup-restore@1.1.3~test: Args: [ '-c', 'mocha' ]
12 silly lifecycle consul-backup-restore@1.1.3~test: Returned: code: 1  signal: null
13 info lifecycle consul-backup-restore@1.1.3~test: Failed to exec test script
14 verbose stack Error: consul-backup-restore@1.1.3 test: `mocha`
14 verbose stack Exit status 1
14 verbose stack     at EventEmitter.<anonymous> (/Users/nathan/.nvm/versions/node/v6.0.0/lib/node_modules/npm/lib/utils/lifecycle.js:239:16)
14 verbose stack     at emitTwo (events.js:106:13)
14 verbose stack     at EventEmitter.emit (events.js:191:7)
14 verbose stack     at ChildProcess.<anonymous> (/Users/nathan/.nvm/versions/node/v6.0.0/lib/node_modules/npm/lib/utils/spawn.js:24:14)
14 verbose stack     at emitTwo (events.js:106:13)
14 verbose stack     at ChildProcess.emit (events.js:191:7)
14 verbose stack     at maybeClose (internal/child_process.js:850:16)
14 verbose stack     at Process.ChildProcess._handle.onexit (internal/child_process.js:215:5)
15 verbose pkgid consul-backup-restore@1.1.3
16 verbose cwd /Users/nathan/Coding/projects/localz/consul-backup-restore
17 error Darwin 15.3.0
18 error argv "/Users/nathan/.nvm/versions/node/v6.0.0/bin/node" "/Users/nathan/.nvm/versions/node/v6.0.0/bin/npm" "run" "test"
19 error node v6.0.0
20 error npm  v3.8.6
21 error code ELIFECYCLE
22 error consul-backup-restore@1.1.3 test: `mocha`
22 error Exit status 1
23 error Failed at the consul-backup-restore@1.1.3 test script 'mocha'.
23 error Make sure you have the latest version of node.js and npm installed.
23 error If you do, this is most likely a problem with the consul-backup-restore package,
23 error not with npm itself.
23 error Tell the author that this fails on your system:
23 error     mocha
23 error You can get information on how to open an issue for this project with:
23 error     npm bugs consul-backup-restore
23 error Or if that isn't available, you can get their info via:
23 error     npm owner ls consul-backup-restore
23 error There is likely additional logging output above.
24 verbose exit [ 1, true ]
